<?xml version="1.0" encoding="UTF-8"?>
<testsuite name="PermissionManagerTest" tests="2" skipped="0" failures="0" errors="0" timestamp="2021-10-15T18:28:46" hostname="Magsuds-MacBook-Pro.local" time="0.024">
  <properties/>
  <testcase name="Testing default value" classname="PermissionManagerTest" time="0.023"/>
  <testcase name="Testing setter" classname="PermissionManagerTest" time="0.0"/>
  <system-out><![CDATA[]]></system-out>
  <system-err><![CDATA[]]></system-err>
</testsuite>
