<?xml version="1.0" encoding="UTF-8"?>
<testsuite name="ExTest" tests="1" skipped="0" failures="0" errors="0" timestamp="2021-10-04T11:00:49" hostname="Magsuds-MacBook-Pro.local" time="0.017">
  <properties/>
  <testcase name="divisionValidation()" classname="ExTest" time="0.017"/>
  <system-out><![CDATA[]]></system-out>
  <system-err><![CDATA[]]></system-err>
</testsuite>
